{"filename":"unknown","level":"info","message":"Server is running on port 5000","service":"user-service","timestamp":"2025-02-08 16:31:02"}
{"filename":"unknown","level":"info","message":"Server is running on port 5000","service":"user-service","timestamp":"2025-02-08 16:32:00"}
{"filename":"unknown","level":"info","message":"Server is running on port 5000","service":"user-service","timestamp":"2025-02-08 16:39:17"}
{"filename":"unknown","level":"info","message":"Server is running on port 5000","service":"user-service","timestamp":"2025-02-08 16:41:18"}
{"filename":"unknown","level":"info","message":"Server is running on port 5000","service":"user-service","timestamp":"2025-02-08 16:41:43"}
{"filename":"unknown","level":"info","message":"Server is running on port 5000","service":"user-service","timestamp":"2025-02-08 16:48:02"}
{"filename":"unknown","level":"error","message":"All fields are not provided","service":"user-service","timestamp":"2025-02-08 16:48:27"}
{"clientVersion":"6.3.1","level":"error","message":"Error in signup controller \nInvalid `prisma.user.findUnique()` invocation:\n\n{\n  where: {\n    email: \"sandeep@emai\",\n?   id?: Int,\n?   phone?: String,\n?   AND?: UserWhereInput | UserWhereInput[],\n?   OR?: UserWhereInput[],\n?   NOT?: UserWhereInput | UserWhereInput[],\n?   role?: EnumuserRoleFilter | userRole,\n?   userName?: StringNullableFilter | String | Null,\n?   password?: StringFilter | String,\n?   userStatus?: EnumuserStatusFilter | userStatus,\n?   address?: AddressListRelationFilter,\n?   Cart?: CartNullableScalarRelationFilter | CartWhereInput | Null,\n?   Order?: OrderListRelationFilter\n  }\n}\n\nArgument `where` of type UserWhereUniqueInput needs at least one of `id` or `phone` arguments. Available options are marked with ?.","name":"PrismaClientValidationError","service":"user-service","stack":"PrismaClientValidationError: \nInvalid `prisma.user.findUnique()` invocation:\n\n{\n  where: {\n    email: \"sandeep@emai\",\n?   id?: Int,\n?   phone?: String,\n?   AND?: UserWhereInput | UserWhereInput[],\n?   OR?: UserWhereInput[],\n?   NOT?: UserWhereInput | UserWhereInput[],\n?   role?: EnumuserRoleFilter | userRole,\n?   userName?: StringNullableFilter | String | Null,\n?   password?: StringFilter | String,\n?   userStatus?: EnumuserStatusFilter | userStatus,\n?   address?: AddressListRelationFilter,\n?   Cart?: CartNullableScalarRelationFilter | CartWhereInput | Null,\n?   Order?: OrderListRelationFilter\n  }\n}\n\nArgument `where` of type UserWhereUniqueInput needs at least one of `id` or `phone` arguments. Available options are marked with ?.\n    at xn (D:\\StepX\\farm_kart\\backend\\node_modules\\@prisma\\client\\runtime\\library.js:29:1363)\n    at Bn.handleRequestError (D:\\StepX\\farm_kart\\backend\\node_modules\\@prisma\\client\\runtime\\library.js:121:7005)\n    at Bn.handleAndLogRequestError (D:\\StepX\\farm_kart\\backend\\node_modules\\@prisma\\client\\runtime\\library.js:121:6686)\n    at Bn.request (D:\\StepX\\farm_kart\\backend\\node_modules\\@prisma\\client\\runtime\\library.js:121:6393)\n    at async l (D:\\StepX\\farm_kart\\backend\\node_modules\\@prisma\\client\\runtime\\library.js:130:9645)\n    at async signup (file:///D:/StepX/farm_kart/backend/controllers/user_controller.js:21:26)","timestamp":"2025-02-08 16:49:46"}
{"filename":"unknown","level":"info","message":"Server is running on port 5000","service":"user-service","timestamp":"2025-02-08 16:50:50"}
{"filename":"unknown","level":"info","message":"Server is running on port 5000","service":"user-service","timestamp":"2025-02-08 16:51:18"}
{"filename":"unknown","level":"error","message":"Password should be atleast 6 characters long","service":"user-service","timestamp":"2025-02-08 16:51:25"}
{"clientVersion":"6.3.1","level":"error","message":"Error in signup controller \nInvalid `prisma.user.create()` invocation:\n\n{\n  data: {\n    name: \"Sandeep\",\n    phone: \"123456\",\n    email: \"sandeep@emai\",\n    password: \"$2a$10$2BkjEtVqncwf9LR/yM7AMu/HY5h2m6xXsXi7JQqJcaOKTV1pEZ8jO\",\n+   role: userRole\n  }\n}\n\nArgument `role` is missing.","name":"PrismaClientValidationError","service":"user-service","stack":"PrismaClientValidationError: \nInvalid `prisma.user.create()` invocation:\n\n{\n  data: {\n    name: \"Sandeep\",\n    phone: \"123456\",\n    email: \"sandeep@emai\",\n    password: \"$2a$10$2BkjEtVqncwf9LR/yM7AMu/HY5h2m6xXsXi7JQqJcaOKTV1pEZ8jO\",\n+   role: userRole\n  }\n}\n\nArgument `role` is missing.\n    at xn (D:\\StepX\\farm_kart\\backend\\node_modules\\@prisma\\client\\runtime\\library.js:29:1363)\n    at Bn.handleRequestError (D:\\StepX\\farm_kart\\backend\\node_modules\\@prisma\\client\\runtime\\library.js:121:7005)\n    at Bn.handleAndLogRequestError (D:\\StepX\\farm_kart\\backend\\node_modules\\@prisma\\client\\runtime\\library.js:121:6686)\n    at Bn.request (D:\\StepX\\farm_kart\\backend\\node_modules\\@prisma\\client\\runtime\\library.js:121:6393)\n    at async l (D:\\StepX\\farm_kart\\backend\\node_modules\\@prisma\\client\\runtime\\library.js:130:9645)\n    at async signup (file:///D:/StepX/farm_kart/backend/controllers/user_controller.js:38:18)","timestamp":"2025-02-08 16:51:38"}
{"filename":"unknown","level":"info","message":"Server is running on port 5000","service":"user-service","timestamp":"2025-02-08 16:51:59"}
{"level":"error","message":"Error in signup controller role is not defined","service":"user-service","stack":"ReferenceError: role is not defined\n    at signup (file:///D:/StepX/farm_kart/backend/controllers/user_controller.js:44:15)","timestamp":"2025-02-08 16:52:04"}
{"filename":"unknown","level":"info","message":"Server is running on port 5000","service":"user-service","timestamp":"2025-02-08 16:52:22"}
{"clientVersion":"6.3.1","level":"error","message":"Error in signup controller \nInvalid `prisma.user.create()` invocation:\n\n{\n  data: {\n    name: \"Sandeep\",\n    phone: \"123456\",\n    email: \"sandeep@emai\",\n    password: \"$2a$10$teftkunDJA/t5RtsfhC8juQSA5quUID9dk95l9TXmAUGdAe0ubqWK\",\n    role: \"user\",\n+   userStatus: userStatus\n  }\n}\n\nArgument `userStatus` is missing.","name":"PrismaClientValidationError","service":"user-service","stack":"PrismaClientValidationError: \nInvalid `prisma.user.create()` invocation:\n\n{\n  data: {\n    name: \"Sandeep\",\n    phone: \"123456\",\n    email: \"sandeep@emai\",\n    password: \"$2a$10$teftkunDJA/t5RtsfhC8juQSA5quUID9dk95l9TXmAUGdAe0ubqWK\",\n    role: \"user\",\n+   userStatus: userStatus\n  }\n}\n\nArgument `userStatus` is missing.\n    at xn (D:\\StepX\\farm_kart\\backend\\node_modules\\@prisma\\client\\runtime\\library.js:29:1363)\n    at Bn.handleRequestError (D:\\StepX\\farm_kart\\backend\\node_modules\\@prisma\\client\\runtime\\library.js:121:7005)\n    at Bn.handleAndLogRequestError (D:\\StepX\\farm_kart\\backend\\node_modules\\@prisma\\client\\runtime\\library.js:121:6686)\n    at Bn.request (D:\\StepX\\farm_kart\\backend\\node_modules\\@prisma\\client\\runtime\\library.js:121:6393)\n    at async l (D:\\StepX\\farm_kart\\backend\\node_modules\\@prisma\\client\\runtime\\library.js:130:9645)\n    at async signup (file:///D:/StepX/farm_kart/backend/controllers/user_controller.js:38:18)","timestamp":"2025-02-08 16:52:25"}
{"filename":"unknown","level":"info","message":"Server is running on port 5000","service":"user-service","timestamp":"2025-02-08 16:56:25"}
{"clientVersion":"6.3.1","level":"error","message":"Error in signup controller \nInvalid `prisma.user.create()` invocation:\n\n{\n  data: {\n    name: \"Sandeep\",\n    ~~~~\n    phone: \"123456\",\n    email: \"sandeep@emai\",\n    password: \"$2a$10$Vf09QjlBv83jjUx.hUSeCezx7yZi6GH750lUW3Jhpc3619gn1djjm\",\n    role: \"user\",\n?   userName?: String | Null,\n?   userStatus?: userStatus | Null,\n?   address?: AddressCreateNestedManyWithoutUserInput,\n?   Cart?: CartCreateNestedOneWithoutUserInput,\n?   Order?: OrderCreateNestedManyWithoutUserInput\n  }\n}\n\nUnknown argument `name`. Did you mean `role`? Available options are marked with ?.","name":"PrismaClientValidationError","service":"user-service","stack":"PrismaClientValidationError: \nInvalid `prisma.user.create()` invocation:\n\n{\n  data: {\n    name: \"Sandeep\",\n    ~~~~\n    phone: \"123456\",\n    email: \"sandeep@emai\",\n    password: \"$2a$10$Vf09QjlBv83jjUx.hUSeCezx7yZi6GH750lUW3Jhpc3619gn1djjm\",\n    role: \"user\",\n?   userName?: String | Null,\n?   userStatus?: userStatus | Null,\n?   address?: AddressCreateNestedManyWithoutUserInput,\n?   Cart?: CartCreateNestedOneWithoutUserInput,\n?   Order?: OrderCreateNestedManyWithoutUserInput\n  }\n}\n\nUnknown argument `name`. Did you mean `role`? Available options are marked with ?.\n    at xn (D:\\StepX\\farm_kart\\backend\\node_modules\\@prisma\\client\\runtime\\library.js:29:1363)\n    at Bn.handleRequestError (D:\\StepX\\farm_kart\\backend\\node_modules\\@prisma\\client\\runtime\\library.js:121:7005)\n    at Bn.handleAndLogRequestError (D:\\StepX\\farm_kart\\backend\\node_modules\\@prisma\\client\\runtime\\library.js:121:6686)\n    at Bn.request (D:\\StepX\\farm_kart\\backend\\node_modules\\@prisma\\client\\runtime\\library.js:121:6393)\n    at async l (D:\\StepX\\farm_kart\\backend\\node_modules\\@prisma\\client\\runtime\\library.js:130:9645)\n    at async signup (file:///D:/StepX/farm_kart/backend/controllers/user_controller.js:38:18)","timestamp":"2025-02-08 16:56:31"}
{"clientVersion":"6.3.1","level":"error","message":"Error in signup controller \nInvalid `prisma.user.create()` invocation:\n\n{\n  data: {\n    name: \"Sandeep\",\n    ~~~~\n    phone: \"123456\",\n    email: \"sandeep@emai\",\n    password: \"$2a$10$ZKXq2oZ32dExxYXCQ99rxeqAE6AIpKoVqA4kxq6ZILuLvOabiSpCS\",\n    role: \"user\",\n?   userName?: String | Null,\n?   userStatus?: userStatus | Null,\n?   address?: AddressCreateNestedManyWithoutUserInput,\n?   Cart?: CartCreateNestedOneWithoutUserInput,\n?   Order?: OrderCreateNestedManyWithoutUserInput\n  }\n}\n\nUnknown argument `name`. Did you mean `role`? Available options are marked with ?.","name":"PrismaClientValidationError","service":"user-service","stack":"PrismaClientValidationError: \nInvalid `prisma.user.create()` invocation:\n\n{\n  data: {\n    name: \"Sandeep\",\n    ~~~~\n    phone: \"123456\",\n    email: \"sandeep@emai\",\n    password: \"$2a$10$ZKXq2oZ32dExxYXCQ99rxeqAE6AIpKoVqA4kxq6ZILuLvOabiSpCS\",\n    role: \"user\",\n?   userName?: String | Null,\n?   userStatus?: userStatus | Null,\n?   address?: AddressCreateNestedManyWithoutUserInput,\n?   Cart?: CartCreateNestedOneWithoutUserInput,\n?   Order?: OrderCreateNestedManyWithoutUserInput\n  }\n}\n\nUnknown argument `name`. Did you mean `role`? Available options are marked with ?.\n    at xn (D:\\StepX\\farm_kart\\backend\\node_modules\\@prisma\\client\\runtime\\library.js:29:1363)\n    at Bn.handleRequestError (D:\\StepX\\farm_kart\\backend\\node_modules\\@prisma\\client\\runtime\\library.js:121:7005)\n    at Bn.handleAndLogRequestError (D:\\StepX\\farm_kart\\backend\\node_modules\\@prisma\\client\\runtime\\library.js:121:6686)\n    at Bn.request (D:\\StepX\\farm_kart\\backend\\node_modules\\@prisma\\client\\runtime\\library.js:121:6393)\n    at async l (D:\\StepX\\farm_kart\\backend\\node_modules\\@prisma\\client\\runtime\\library.js:130:9645)\n    at async signup (file:///D:/StepX/farm_kart/backend/controllers/user_controller.js:38:18)","timestamp":"2025-02-08 16:56:33"}
{"filename":"unknown","level":"info","message":"Server is running on port 5000","service":"user-service","timestamp":"2025-02-08 16:57:41"}
{"clientVersion":"6.3.1","level":"error","message":"Error in signup controller \nInvalid `prisma.user.create()` invocation:\n\n{\n  data: {\n    name: \"Sandeep\",\n    ~~~~\n    phone: \"123456\",\n    email: \"sandeep@emai\",\n    password: \"$2a$10$63YfITRKT11beo60MJMwVOkzKhmJ3hEyFMQk./M6ehP1GYTQzVAf6\",\n    userName: undefined,\n    role: \"user\",\n?   userStatus?: userStatus | Null,\n?   address?: AddressCreateNestedManyWithoutUserInput,\n?   Cart?: CartCreateNestedOneWithoutUserInput,\n?   Order?: OrderCreateNestedManyWithoutUserInput\n  }\n}\n\nUnknown argument `name`. Did you mean `role`? Available options are marked with ?.","name":"PrismaClientValidationError","service":"user-service","stack":"PrismaClientValidationError: \nInvalid `prisma.user.create()` invocation:\n\n{\n  data: {\n    name: \"Sandeep\",\n    ~~~~\n    phone: \"123456\",\n    email: \"sandeep@emai\",\n    password: \"$2a$10$63YfITRKT11beo60MJMwVOkzKhmJ3hEyFMQk./M6ehP1GYTQzVAf6\",\n    userName: undefined,\n    role: \"user\",\n?   userStatus?: userStatus | Null,\n?   address?: AddressCreateNestedManyWithoutUserInput,\n?   Cart?: CartCreateNestedOneWithoutUserInput,\n?   Order?: OrderCreateNestedManyWithoutUserInput\n  }\n}\n\nUnknown argument `name`. Did you mean `role`? Available options are marked with ?.\n    at xn (D:\\StepX\\farm_kart\\backend\\node_modules\\@prisma\\client\\runtime\\library.js:29:1363)\n    at Bn.handleRequestError (D:\\StepX\\farm_kart\\backend\\node_modules\\@prisma\\client\\runtime\\library.js:121:7005)\n    at Bn.handleAndLogRequestError (D:\\StepX\\farm_kart\\backend\\node_modules\\@prisma\\client\\runtime\\library.js:121:6686)\n    at Bn.request (D:\\StepX\\farm_kart\\backend\\node_modules\\@prisma\\client\\runtime\\library.js:121:6393)\n    at async l (D:\\StepX\\farm_kart\\backend\\node_modules\\@prisma\\client\\runtime\\library.js:130:9645)\n    at async signup (file:///D:/StepX/farm_kart/backend/controllers/user_controller.js:38:18)","timestamp":"2025-02-08 16:57:44"}
{"filename":"unknown","level":"info","message":"Server is running on port 5000","service":"user-service","timestamp":"2025-02-08 17:03:14"}
{"filename":"unknown","level":"info","message":"Server is running on port 5000","service":"user-service","timestamp":"2025-02-08 17:05:05"}
{"filename":"unknown","level":"error","message":"Invalid email format","service":"user-service","timestamp":"2025-02-08 17:05:10"}
{"filename":"unknown","level":"error","message":"Invalid email format","service":"user-service","timestamp":"2025-02-08 17:05:13"}
{"filename":"unknown","level":"error","message":"User already exists with this email","service":"user-service","timestamp":"2025-02-08 17:05:19"}
{"filename":"unknown","level":"info","message":"Server is running on port 5000","service":"user-service","timestamp":"2025-02-08 17:05:53"}
{"filename":"unknown","level":"error","message":"Invalid email format","service":"user-service","timestamp":"2025-02-08 17:13:26"}
{"filename":"unknown","level":"info","message":"Server is running on port 5000","service":"user-service","timestamp":"2025-02-08 17:15:09"}
{"filename":"unknown","level":"info","message":"Server is running on port 5000","service":"user-service","timestamp":"2025-02-08 17:15:48"}
{"filename":"unknown","level":"info","message":"Server is running on port 5000","service":"user-service","timestamp":"2025-02-08 17:16:18"}
{"filename":"unknown","level":"info","message":"Server is running on port 5000","service":"user-service","timestamp":"2025-02-08 17:16:57"}
{"filename":"unknown","level":"info","message":"Server is running on port 5000","service":"user-service","timestamp":"2025-02-08 17:17:00"}
{"level":"error","message":"Error in signup controller secretOrPrivateKey must have a value","service":"user-service","stack":"Error: secretOrPrivateKey must have a value\n    at module.exports [as sign] (D:\\StepX\\farm_kart\\backend\\node_modules\\jsonwebtoken\\sign.js:111:20)\n    at generateTokenAndSetCookie (file:///D:/StepX/farm_kart/backend/utils/generateTokenAndSetCookie.js:6:23)\n    at signup (file:///D:/StepX/farm_kart/backend/controllers/user_controller.js:55:5)","timestamp":"2025-02-08 17:17:10"}
{"filename":"unknown","level":"info","message":"Server is running on port 5000","service":"user-service","timestamp":"2025-02-08 17:17:52"}
{"filename":"unknown","level":"error","message":"User already exists with this phone number","service":"user-service","timestamp":"2025-02-08 17:17:55"}
{"filename":"unknown","level":"info","message":"Server is running on port 5000","service":"user-service","timestamp":"2025-02-08 17:23:19"}
{"filename":"unknown","level":"info","message":"Server is running on port 5000","service":"user-service","timestamp":"2025-02-08 17:31:22"}
{"filename":"unknown","level":"info","message":"Server is running on port 5000","service":"user-service","timestamp":"2025-02-08 17:32:39"}
{"filename":"unknown","level":"info","message":"Server is running on port 5000","service":"user-service","timestamp":"2025-02-08 17:35:20"}
{"filename":"unknown","level":"info","message":"Server is running on port 5000","service":"user-service","timestamp":"2025-02-09 11:55:36"}
{"filename":"unknown","level":"info","message":"Server is running on port 5000","service":"user-service","timestamp":"2025-02-09 11:55:51"}
{"filename":"unknown","level":"info","message":"Server is running on port 5000","service":"user-service","timestamp":"2025-02-09 11:56:52"}
{"filename":"unknown","level":"info","message":"Server is running on port 5000","service":"user-service","timestamp":"2025-02-09 11:58:36"}
{"filename":"unknown","level":"info","message":"Server is running on port 5000","service":"user-service","timestamp":"2025-02-09 12:02:21"}
{"filename":"unknown","level":"info","message":"Server is running on port 5000","service":"user-service","timestamp":"2025-02-09 12:02:55"}
{"filename":"unknown","level":"info","message":"Server is running on port 5000","service":"user-service","timestamp":"2025-02-09 12:03:55"}
{"filename":"unknown","level":"info","message":"Server is running on port 5000","service":"user-service","timestamp":"2025-02-09 12:04:42"}
{"filename":"unknown","level":"info","message":"Server is running on port 5000","service":"user-service","timestamp":"2025-02-09 12:07:55"}
{"filename":"unknown","level":"info","message":"Server is running on port 5000","service":"user-service","timestamp":"2025-02-09 12:07:59"}
{"filename":"unknown","level":"info","message":"Server is running on port 5000","service":"user-service","timestamp":"2025-02-09 12:08:35"}
{"filename":"unknown","level":"info","message":"decoded token: {\"iat\":1739082898,\"exp\":1740378898}","service":"user-service","timestamp":"2025-02-09 12:08:48"}
{"filename":"unknown","level":"info","message":"Server is running on port 5000","service":"user-service","timestamp":"2025-02-09 12:09:17"}
{"filename":"unknown","level":"info","message":"decoded token: {\"iat\":1739082898,\"exp\":1740378898}","service":"user-service","timestamp":"2025-02-09 12:09:24"}
{"filename":"unknown","level":"info","message":"Server is running on port 5000","service":"user-service","timestamp":"2025-02-09 12:17:33"}
{"filename":"unknown","level":"info","message":"Server is running on port 5000","service":"user-service","timestamp":"2025-02-09 12:18:13"}
{"filename":"unknown","level":"info","message":"decoded token: {\"iat\":1739082898,\"exp\":1740378898}","service":"user-service","timestamp":"2025-02-09 12:19:05"}
{"filename":"unknown","level":"error","message":"Invalid token format: Missing user ID","service":"user-service","timestamp":"2025-02-09 12:19:05"}
{"filename":"unknown","level":"info","message":"Server is running on port 5000","service":"user-service","timestamp":"2025-02-09 12:33:39"}
{"filename":"unknown","level":"info","message":"decoded token: {\"user\":{},\"iat\":1739084651,\"exp\":1740380651}","service":"user-service","timestamp":"2025-02-09 12:34:15"}
{"filename":"unknown","level":"error","message":"Invalid token format: Missing user ID","service":"user-service","timestamp":"2025-02-09 12:34:15"}
{"filename":"unknown","level":"info","message":"Server is running on port 5000","service":"user-service","timestamp":"2025-02-09 12:34:49"}
{"filename":"unknown","level":"info","message":"decoded token: {\"user\":{\"id\":4},\"iat\":1739084705,\"exp\":1740380705}","service":"user-service","timestamp":"2025-02-09 12:35:09"}
{"filename":"unknown","level":"info","message":"Server is running on port 5000","service":"user-service","timestamp":"2025-02-09 12:37:44"}
{"filename":"unknown","level":"info","message":"Server is running on port 5000","service":"user-service","timestamp":"2025-02-09 12:37:47"}
{"filename":"unknown","level":"info","message":"Server is running on port 5000","service":"user-service","timestamp":"2025-02-09 12:38:32"}
{"filename":"unknown","level":"info","message":"Server is running on port 5000","service":"user-service","timestamp":"2025-02-09 12:38:39"}
{"filename":"unknown","level":"info","message":"Server is running on port 5000","service":"user-service","timestamp":"2025-02-09 12:38:42"}
{"filename":"unknown","level":"info","message":"Server is running on port 5000","service":"user-service","timestamp":"2025-02-09 12:40:10"}
{"filename":"unknown","level":"info","message":"Server is running on port 5000","service":"user-service","timestamp":"2025-02-09 12:40:16"}
{"filename":"unknown","level":"info","message":"Server is running on port 5000","service":"user-service","timestamp":"2025-02-09 12:40:34"}
{"filename":"unknown","level":"info","message":"Server is running on port 5000","service":"user-service","timestamp":"2025-02-09 12:40:38"}
{"filename":"unknown","level":"info","message":"decoded token: {\"user\":{\"id\":4},\"iat\":1739084705,\"exp\":1740380705}","service":"user-service","timestamp":"2025-02-09 12:40:42"}
{"filename":"unknown","level":"info","message":"Safe User: {\"id\":4,\"role\":\"user\",\"name\":\"Sandeep\",\"email\":\"sandeep@email.com\",\"phone\":\"123456789\",\"userName\":null,\"userStatus\":null}","service":"user-service","timestamp":"2025-02-09 12:40:42"}
{"filename":"unknown","level":"error","message":"Unauthorized: Admin access required","service":"user-service","timestamp":"2025-02-09 12:40:42"}
{"filename":"unknown","level":"info","message":"Server is running on port 5000","service":"user-service","timestamp":"2025-02-09 12:40:52"}
{"filename":"unknown","level":"info","message":"Server is running on port 5000","service":"user-service","timestamp":"2025-02-09 12:41:57"}
{"filename":"unknown","level":"info","message":"decoded token: {\"user\":{\"id\":4},\"iat\":1739084705,\"exp\":1740380705}","service":"user-service","timestamp":"2025-02-09 12:42:01"}
{"filename":"unknown","level":"info","message":"Safe User: {\"id\":4,\"role\":\"user\",\"name\":\"Sandeep\",\"email\":\"sandeep@email.com\",\"phone\":\"123456789\",\"userName\":null,\"userStatus\":null}","service":"user-service","timestamp":"2025-02-09 12:42:01"}
{"filename":"unknown","level":"error","message":"Unauthorized: Admin access required","service":"user-service","timestamp":"2025-02-09 12:42:01"}
{"filename":"unknown","level":"info","message":"decoded token: {\"user\":{\"id\":4},\"iat\":1739084705,\"exp\":1740380705}","service":"user-service","timestamp":"2025-02-09 12:42:02"}
{"filename":"unknown","level":"info","message":"Safe User: {\"id\":4,\"role\":\"user\",\"name\":\"Sandeep\",\"email\":\"sandeep@email.com\",\"phone\":\"123456789\",\"userName\":null,\"userStatus\":null}","service":"user-service","timestamp":"2025-02-09 12:42:02"}
{"filename":"unknown","level":"error","message":"Unauthorized: Admin access required","service":"user-service","timestamp":"2025-02-09 12:42:02"}
{"filename":"unknown","level":"info","message":"decoded token: {\"user\":{\"id\":4},\"iat\":1739084705,\"exp\":1740380705}","service":"user-service","timestamp":"2025-02-09 12:42:04"}
{"filename":"unknown","level":"info","message":"Safe User: {\"id\":4,\"role\":\"user\",\"name\":\"Sandeep\",\"email\":\"sandeep@email.com\",\"phone\":\"123456789\",\"userName\":null,\"userStatus\":null}","service":"user-service","timestamp":"2025-02-09 12:42:04"}
{"filename":"unknown","level":"error","message":"Unauthorized: Admin access required","service":"user-service","timestamp":"2025-02-09 12:42:04"}
{"filename":"unknown","level":"info","message":"decoded token: {\"user\":{\"id\":4},\"iat\":1739084705,\"exp\":1740380705}","service":"user-service","timestamp":"2025-02-09 12:42:06"}
{"filename":"unknown","level":"info","message":"Safe User: {\"id\":4,\"role\":\"user\",\"name\":\"Sandeep\",\"email\":\"sandeep@email.com\",\"phone\":\"123456789\",\"userName\":null,\"userStatus\":null}","service":"user-service","timestamp":"2025-02-09 12:42:06"}
{"filename":"unknown","level":"error","message":"Unauthorized: Admin access required","service":"user-service","timestamp":"2025-02-09 12:42:06"}
{"filename":"unknown","level":"info","message":"Server is running on port 5000","service":"user-service","timestamp":"2025-02-09 12:42:28"}
{"filename":"unknown","level":"info","message":"Server is running on port 5000","service":"user-service","timestamp":"2025-02-09 12:42:40"}
{"filename":"unknown","level":"info","message":"decoded token: {\"user\":{\"id\":5},\"iat\":1739085199,\"exp\":1740381199}","service":"user-service","timestamp":"2025-02-09 12:43:24"}
{"filename":"unknown","level":"error","message":"No master products found","service":"user-service","timestamp":"2025-02-09 12:43:24"}
